1602505068505	geckodriver	INFO	Listening on 127.0.0.1:59320
1602505071779	mozrunner::runner	INFO	Running command: "C:\\Program Files (x86)\\Mozilla Firefox\\firefox.exe" "--marionette" "-foreground" "-no-remote" "-profile" "C:\\Users\\barfa\\AppData\\Local\\Temp\\rust_mozprofile8S4Ejh"
console.error: SearchCache: "_readCacheFile: Error reading cache file:" (new Error("", "(unknown module)"))
JavaScript error: resource://gre/modules/XULStore.jsm, line 66: Error: Can't find profile directory.
1602505090591	Marionette	INFO	Listening on port 59328
console.warn: services.settings: main/message-groups sync interrupted by shutdown
console.error: services.settings: 
  main/messaging-experiments Signature failed  TypeError: NetworkError when attempting to fetch resource.
JavaScript error: resource://gre/modules/DeferredTask.jsm, line 215: Error: Unable to arm timer, the object has been finalized.
[Parent 3268, Gecko_IOThread] WARNING: file /builds/worker/checkouts/gecko/ipc/chromium/src/base/process_util_win.cc, line 166
console.error: (new Error("Connection closed before committing the transaction.", "resource://gre/modules/Sqlite.jsm", 688))
console.error: "Could not load engine amazondotcom@search.mozilla.org: [Exception... \"AddonManager is not initialized\"  nsresult: \"0xc1f30001 (NS_ERROR_NOT_INITIALIZED)\"  location: \"JS frame :: resource://gre/modules/AddonManager.jsm :: callAddonListeners :: line 1580\"  data: no]"
console.error: "Could not load engine wikipedia@search.mozilla.org: [Exception... \"AddonManager is not initialized\"  nsresult: \"0xc1f30001 (NS_ERROR_NOT_INITIALIZED)\"  location: \"JS frame :: resource://gre/modules/AddonManager.jsm :: installBuiltinAddon :: line 2529\"  data: no]"
console.error: "Could not load engine bing@search.mozilla.org: [Exception... \"AddonManager is not initialized\"  nsresult: \"0xc1f30001 (NS_ERROR_NOT_INITIALIZED)\"  location: \"JS frame :: resource://gre/modules/AddonManager.jsm :: installBuiltinAddon :: line 2529\"  data: no]"
console.error: "Could not load engine ddg@search.mozilla.org: [Exception... \"AddonManager is not initialized\"  nsresult: \"0xc1f30001 (NS_ERROR_NOT_INITIALIZED)\"  location: \"JS frame :: resource://gre/modules/AddonManager.jsm :: installBuiltinAddon :: line 2529\"  data: no]"
console.warn: SearchService: "_init: abandoning init due to shutting down"
JavaScript error: , line 0: uncaught exception: 2147500036
JavaScript error: , line 0: uncaught exception: 2147500036
JavaScript error: , line 0: uncaught exception: 2147500036
JavaScript error: , line 0: uncaught exception: 2147500036
JavaScript error: , line 0: uncaught exception: 2147500036
JavaScript error: , line 0: uncaught exception: 2147500036

###!!! [Parent][DispatchAsyncMessage] Error: PBackgroundIDBFactory::Msg_PBackgroundIDBFactoryRequestConstructor Value error: message was deserialized, but contained an illegal value

JavaScript error: , line 0: AbortError: A request was aborted, for example through a call to IDBTransaction.abort.
1602505092547	Marionette	INFO	Stopped listening on port 59328

###!!! [Child][RunMessage] Error: Channel closing: too late to send/recv, messages will be lost

1602505099190	geckodriver	INFO	Listening on 127.0.0.1:59367
1602505102365	mozrunner::runner	INFO	Running command: "C:\\Program Files (x86)\\Mozilla Firefox\\firefox.exe" "--marionette" "-foreground" "-no-remote" "-profile" "C:\\Users\\barfa\\AppData\\Local\\Temp\\rust_mozprofileDioTy3"
JavaScript error: resource://gre/modules/XULStore.jsm, line 66: Error: Can't find profile directory.
console.error: SearchCache: "_readCacheFile: Error reading cache file:" (new Error("", "(unknown module)"))
1602505108588	Marionette	INFO	Listening on port 59375
1602505109027	Marionette	WARN	TLS certificate errors will be ignored for this session
1602505145965	Marionette	INFO	Stopped listening on port 59375

###!!! [Child][RunMessage] Error: Channel closing: too late to send/recv, messages will be lost


###!!! [Child][MessageChannel::SendAndWait] Error: Channel error: cannot send/recv

1602505179512	geckodriver	INFO	Listening on 127.0.0.1:59423
1602505182680	mozrunner::runner	INFO	Running command: "C:\\Program Files (x86)\\Mozilla Firefox\\firefox.exe" "--marionette" "-foreground" "-no-remote" "-profile" "C:\\Users\\barfa\\AppData\\Local\\Temp\\rust_mozprofileMBgNOa"
JavaScript error: resource://gre/modules/XULStore.jsm, line 66: Error: Can't find profile directory.
console.error: SearchCache: "_readCacheFile: Error reading cache file:" (new Error("", "(unknown module)"))
1602505187933	Marionette	INFO	Listening on port 59431
1602505187953	Marionette	WARN	TLS certificate errors will be ignored for this session
1602505208258	Marionette	INFO	Stopped listening on port 59431

###!!! [Child][RunMessage] Error: Channel closing: too late to send/recv, messages will be lost


###!!! [Child][MessageChannel::SendAndWait] Error: Channel error: cannot send/recv

1602741178123	geckodriver	INFO	Listening on 127.0.0.1:63431
1602741181263	mozrunner::runner	INFO	Running command: "C:\\Program Files (x86)\\Mozilla Firefox\\firefox.exe" "--marionette" "-foreground" "-no-remote" "-profile" "C:\\Users\\barfa\\AppData\\Local\\Temp\\rust_mozprofiletvCCuM"
JavaScript error: resource://gre/modules/XULStore.jsm, line 66: Error: Can't find profile directory.
console.error: SearchCache: "_readCacheFile: Error reading cache file:" (new Error("", "(unknown module)"))
1602741212672	Marionette	INFO	Listening on port 63440
1602741213340	Marionette	WARN	TLS certificate errors will be ignored for this session
Can't find symbol 'eglSwapBuffersWithDamageEXT'.
1602741228436	Marionette	INFO	Stopped listening on port 63440

###!!! [Child][RunMessage] Error: Channel closing: too late to send/recv, messages will be lost


###!!! [Child][MessageChannel::SendAndWait] Error: Channel error: cannot send/recv

1602741479484	geckodriver	INFO	Listening on 127.0.0.1:63611
1602741482597	mozrunner::runner	INFO	Running command: "C:\\Program Files (x86)\\Mozilla Firefox\\firefox.exe" "--marionette" "-foreground" "-no-remote" "-profile" "C:\\Users\\barfa\\AppData\\Local\\Temp\\rust_mozprofiled9xVyk"
JavaScript error: resource://gre/modules/XULStore.jsm, line 66: Error: Can't find profile directory.
console.error: SearchCache: "_readCacheFile: Error reading cache file:" (new Error("", "(unknown module)"))
1602741488134	Marionette	INFO	Listening on port 63621
1602741488351	Marionette	WARN	TLS certificate errors will be ignored for this session
Can't find symbol 'eglSwapBuffersWithDamageEXT'.
1602741517008	Marionette	INFO	Stopped listening on port 63621
IPDL protocol error: Handler returned error code!

###!!! [Parent][DispatchAsyncMessage] Error: PLayerTransaction::Msg_ReleaseLayer Processing error: message was deserialized, but the handler returned false (indicating failure)

IPDL protocol error: Handler returned error code!

###!!! [Parent][DispatchAsyncMessage] Error: PLayerTransaction::Msg_ReleaseLayer Processing error: message was deserialized, but the handler returned false (indicating failure)

IPDL protocol error: Handler returned error code!

###!!! [Parent][DispatchAsyncMessage] Error: PLayerTransaction::Msg_ReleaseLayer Processing error: message was deserialized, but the handler returned false (indicating failure)

IPDL protocol error: Handler returned error code!

###!!! [Parent][DispatchAsyncMessage] Error: PLayerTransaction::Msg_ReleaseLayer Processing error: message was deserialized, but the handler returned false (indicating failure)

IPDL protocol error: Handler returned error code!

###!!! [Parent][DispatchAsyncMessage] Error: PLayerTransaction::Msg_ReleaseLayer Processing error: message was deserialized, but the handler returned false (indicating failure)

IPDL protocol error: Handler returned error code!

###!!! [Parent][DispatchAsyncMessage] Error: PLayerTransaction::Msg_ReleaseLayer Processing error: message was deserialized, but the handler returned false (indicating failure)


###!!! [Child][RunMessage] Error: Channel closing: too late to send/recv, messages will be lost


###!!! [Child][MessageChannel::SendAndWait] Error: Channel error: cannot send/recv

1602741620817	geckodriver	INFO	Listening on 127.0.0.1:63758
1602741623736	mozrunner::runner	INFO	Running command: "C:\\Program Files (x86)\\Mozilla Firefox\\firefox.exe" "--marionette" "-foreground" "-no-remote" "-profile" "C:\\Users\\barfa\\AppData\\Local\\Temp\\rust_mozprofileMbM4RW"
JavaScript error: resource://gre/modules/XULStore.jsm, line 66: Error: Can't find profile directory.
console.error: SearchCache: "_readCacheFile: Error reading cache file:" (new Error("", "(unknown module)"))
1602741631059	Marionette	INFO	Listening on port 63767
1602741631127	Marionette	WARN	TLS certificate errors will be ignored for this session
Can't find symbol 'eglSwapBuffersWithDamageEXT'.
1602741668096	Marionette	INFO	Stopped listening on port 63767
IPDL protocol error: Handler returned error code!

###!!! [Parent][DispatchAsyncMessage] Error: PLayerTransaction::Msg_ReleaseLayer Processing error: message was deserialized, but the handler returned false (indicating failure)

IPDL protocol error: Handler returned error code!

###!!! [Parent][DispatchAsyncMessage] Error: PLayerTransaction::Msg_ReleaseLayer Processing error: message was deserialized, but the handler returned false (indicating failure)

IPDL protocol error: Handler returned error code!

###!!! [Parent][DispatchAsyncMessage] Error: PLayerTransaction::Msg_ReleaseLayer Processing error: message was deserialized, but the handler returned false (indicating failure)

IPDL protocol error: Handler returned error code!

###!!! [Parent][DispatchAsyncMessage] Error: PLayerTransaction::Msg_ReleaseLayer Processing error: message was deserialized, but the handler returned false (indicating failure)

IPDL protocol error: Handler returned error code!

###!!! [Parent][DispatchAsyncMessage] Error: PLayerTransaction::Msg_ReleaseLayer Processing error: message was deserialized, but the handler returned false (indicating failure)

IPDL protocol error: Handler returned error code!

###!!! [Parent][DispatchAsyncMessage] Error: PLayerTransaction::Msg_ReleaseLayer Processing error: message was deserialized, but the handler returned false (indicating failure)


###!!! [Child][RunMessage] Error: Channel closing: too late to send/recv, messages will be lost


###!!! [Child][MessageChannel::SendAndWait] Error: Channel error: cannot send/recv

1602741696323	geckodriver	INFO	Listening on 127.0.0.1:63886
1602741699326	mozrunner::runner	INFO	Running command: "C:\\Program Files (x86)\\Mozilla Firefox\\firefox.exe" "--marionette" "-foreground" "-no-remote" "-profile" "C:\\Users\\barfa\\AppData\\Local\\Temp\\rust_mozprofileIfSQ70"
JavaScript error: resource://gre/modules/XULStore.jsm, line 66: Error: Can't find profile directory.
console.error: SearchCache: "_readCacheFile: Error reading cache file:" (new Error("", "(unknown module)"))
1602741705583	Marionette	INFO	Listening on port 63895
1602741705669	Marionette	WARN	TLS certificate errors will be ignored for this session
Can't find symbol 'eglSwapBuffersWithDamageEXT'.
1602741735834	Marionette	INFO	Stopped listening on port 63895

###!!! [Child][RunMessage] Error: Channel closing: too late to send/recv, messages will be lost


###!!! [Child][MessageChannel::SendAndWait] Error: Channel error: cannot send/recv

1602741957768	geckodriver	INFO	Listening on 127.0.0.1:64099
1602741960798	mozrunner::runner	INFO	Running command: "C:\\Program Files (x86)\\Mozilla Firefox\\firefox.exe" "--marionette" "-foreground" "-no-remote" "-profile" "C:\\Users\\barfa\\AppData\\Local\\Temp\\rust_mozprofile23Qgh5"
JavaScript error: resource://gre/modules/XULStore.jsm, line 66: Error: Can't find profile directory.
console.error: SearchCache: "_readCacheFile: Error reading cache file:" (new Error("", "(unknown module)"))
1602741967532	Marionette	INFO	Listening on port 64107
1602741967652	Marionette	WARN	TLS certificate errors will be ignored for this session
Can't find symbol 'eglSwapBuffersWithDamageEXT'.
1602741978459	Marionette	WARN	TimedPromise timed out after 500 ms: stacktrace:
TimedPromise/<@chrome://marionette/content/sync.js:245:13
TimedPromise@chrome://marionette/content/sync.js:230:10
interaction.flushEventLoop@chrome://marionette/content/interaction.js:416:10
webdriverClickElement@chrome://marionette/content/interaction.js:182:31
1602741989262	geckodriver	INFO	Listening on 127.0.0.1:64170
1602741992343	mozrunner::runner	INFO	Running command: "C:\\Program Files (x86)\\Mozilla Firefox\\firefox.exe" "--marionette" "-foreground" "-no-remote" "-profile" "C:\\Users\\barfa\\AppData\\Local\\Temp\\rust_mozprofilefqFniU"
JavaScript error: resource://gre/modules/XULStore.jsm, line 66: Error: Can't find profile directory.
console.error: SearchCache: "_readCacheFile: Error reading cache file:" (new Error("", "(unknown module)"))
1602741998441	Marionette	INFO	Listening on port 64178
1602741998577	Marionette	WARN	TLS certificate errors will be ignored for this session
Can't find symbol 'eglSwapBuffersWithDamageEXT'.
1602742011831	Marionette	INFO	Stopped listening on port 64178

###!!! [Child][RunMessage] Error: Channel closing: too late to send/recv, messages will be lost


###!!! [Child][MessageChannel::SendAndWait] Error: Channel error: cannot send/recv

1602742019283	geckodriver	INFO	Listening on 127.0.0.1:64229
1602742022405	mozrunner::runner	INFO	Running command: "C:\\Program Files (x86)\\Mozilla Firefox\\firefox.exe" "--marionette" "-foreground" "-no-remote" "-profile" "C:\\Users\\barfa\\AppData\\Local\\Temp\\rust_mozprofileojh26c"
JavaScript error: resource://gre/modules/XULStore.jsm, line 66: Error: Can't find profile directory.
console.error: SearchCache: "_readCacheFile: Error reading cache file:" (new Error("", "(unknown module)"))
1602742028349	Marionette	INFO	Listening on port 64237
1602742028755	Marionette	WARN	TLS certificate errors will be ignored for this session
Can't find symbol 'eglSwapBuffersWithDamageEXT'.
1602742064657	Marionette	INFO	Stopped listening on port 64237
IPDL protocol error: Handler returned error code!

###!!! [Parent][DispatchAsyncMessage] Error: PLayerTransaction::Msg_ReleaseLayer Processing error: message was deserialized, but the handler returned false (indicating failure)

IPDL protocol error: Handler returned error code!

###!!! [Parent][DispatchAsyncMessage] Error: PLayerTransaction::Msg_ReleaseLayer Processing error: message was deserialized, but the handler returned false (indicating failure)

IPDL protocol error: Handler returned error code!

###!!! [Parent][DispatchAsyncMessage] Error: PLayerTransaction::Msg_ReleaseLayer Processing error: message was deserialized, but the handler returned false (indicating failure)

IPDL protocol error: Handler returned error code!

###!!! [Parent][DispatchAsyncMessage] Error: PLayerTransaction::Msg_ReleaseLayer Processing error: message was deserialized, but the handler returned false (indicating failure)

IPDL protocol error: Handler returned error code!

###!!! [Parent][DispatchAsyncMessage] Error: PLayerTransaction::Msg_ReleaseLayer Processing error: message was deserialized, but the handler returned false (indicating failure)

IPDL protocol error: Handler returned error code!

###!!! [Parent][DispatchAsyncMessage] Error: PLayerTransaction::Msg_ReleaseLayer Processing error: message was deserialized, but the handler returned false (indicating failure)


###!!! [Child][RunMessage] Error: Channel closing: too late to send/recv, messages will be lost


###!!! [Child][MessageChannel::SendAndWait] Error: Channel error: cannot send/recv

1602773105433	geckodriver	INFO	Listening on 127.0.0.1:64775
1602773109433	mozrunner::runner	INFO	Running command: "C:\\Program Files (x86)\\Mozilla Firefox\\firefox.exe" "--marionette" "-foreground" "-no-remote" "-profile" "C:\\Users\\barfa\\AppData\\Local\\Temp\\rust_mozprofile0zd4Rl"
console.error: SearchCache: "_readCacheFile: Error reading cache file:" (new Error("", "(unknown module)"))
JavaScript error: resource://gre/modules/XULStore.jsm, line 66: Error: Can't find profile directory.
console.error: Region.jsm: "Error fetching region" (new AbortError("The operation was aborted. ", (void 0), 697))
console.error: Region.jsm: "Failed to fetch region" (new Error("NO_RESULT", "resource://gre/modules/Region.jsm", 351))
1602773137737	Marionette	INFO	Listening on port 64783
1602773138009	Marionette	WARN	TLS certificate errors will be ignored for this session
Can't find symbol 'eglSwapBuffersWithDamageEXT'.

###!!! [Child][RunMessage] Error: Channel closing: too late to send/recv, messages will be lost

1602773216636	Marionette	INFO	Stopped listening on port 64783

###!!! [Child][MessageChannel::SendAndWait] Error: Channel error: cannot send/recv

